MIG: 11:36:26 : xml_input_file: mig_a.prj
MIG: 11:36:26 : Absolute path of xml_input_file: c:/Users/marzh/Desktop/HBlast/HBlast.srcs/sources_1/ip/mig_7series_0/mig_a.prj
MIG: 11:36:26 : xml_input_file: mig_a.prj
MIG: 11:36:27 : Absolute path of xml_input_file: c:/Users/marzh/Desktop/HBlast/HBlast.srcs/sources_1/ip/mig_7series_0/mig_a.prj
MIG: 11:36:27 : In updateAllModelParams
MIG: 11:36:27 : ################# RUNNING MIG BATCH ###################
MIG: 11:36:27 : Writing IN file for 'mig_7series_0'...compDirPath: c:/Xilinx/Intsall/Vivado/2018.2/data/ip/xilinx/mig_7series_v4_1... instDirPath: c:/Users/marzh/Desktop/HBlast/HBlast.srcs/sources_1/ip/mig_7series_0
MIG: 11:36:27 : synp_flow:  -- synthesis_mode: Other
MIG: 11:36:27 : outputDirectory: c:/Users/marzh/Desktop/HBlast/HBlast.srcs/sources_1/ip/mig_7series_0/_tmp/
MIG: 11:36:27 : vivado_mode: xpg_pa
MIG: 11:36:27 :  locked false  
MIG: 11:36:27 : HDL Language: Verilog
MIG: 11:36:27 : compInfo: true
MIG: 11:36:27 : Vivado Options xc7vx690t ffg1761 -2
MIG: 11:36:27 : 1: xc7vx690t 2: ffg1761 3: -2
MIG: 11:36:27 : relative mig path: coregen/ip/xilinx/other/com/xilinx/ip/mig_7series_v4_1/bin/nt64/mig.exe
MIG: 11:36:27 : xilinx_path: C:/Xilinx/Intsall/Vivado/2018.2/ids_lite/ISE
MIG: 11:36:27 : I am in catch area
MIG: 11:36:27 : Running C:/Xilinx/Intsall/Vivado/2018.2/ids_lite/ISE/coregen/ip/xilinx/other/com/xilinx/ip/mig_7series_v4_1/bin/nt64/mig.exe -cg_exc_inp c:/Users/marzh/Desktop/HBlast/HBlast.srcs/sources_1/ip/mig_7series_0/xil_txt.in -cg_exc_out c:/Users/marzh/Desktop/HBlast/HBlast.srcs/sources_1/ip/mig_7series_0/xil_txt.out ... 
MIG: 11:36:57 : XML_INPUT_FILE: c:/Users/marzh/Desktop/HBlast/HBlast.srcs/sources_1/ip/mig_7series_0/mig_a.prj
MIG: 11:36:57 : Component_Name: mig_7series_0
MIG: 11:36:57 : Moving mig_7series_0 ...
MIG: 11:36:57 : Moving mig_7series_0.veo ...
MIG: 11:36:57 : Moving mig_7series_0_xmdf.tcl ...
MIG: 11:36:57 : XGUI hdlLanguage: Verilog
MIG: 11:36:57 : xgui vivado_mode: xpg_pa
MIG: 11:36:57 : xgui hdlLanguage: Verilog -- hdlExt: v
MIG: 11:36:57 : Reading C:/Users/marzh/Desktop/HBlast/HBlast.srcs/sources_1/ip/mig_7series_0/mig_7series_0/user_design/rtl/mig_7series_0_mig.v ...
MIG: 11:36:58 : 
MIG: 11:36:58 : Inside fn mem: DDR3
MIG: 11:36:58 : detect_uiclk: 200000000
MIG: 11:36:58 : cntrl:  memtype: DDR3
MIG: 11:36:58 : 
MIG: 11:36:58 :  MMCM_VCO single ctrl param_name: MMCM_VCO --  possibleMaxVcoVal: 800 
MIG: 11:36:58 : 
MIG: 11:36:58 : 
MIG: 11:36:58 : 
MIG: 11:36:58 : 
MIG: 11:36:58 :  polarity_value: 1
MIG: 11:36:58 : 
MIG: 11:36:58 : 
MIG: 11:36:58 : cntrl:  memtype: DDR3
MIG: 11:36:58 : 
MIG: 11:36:58 :  Valid Param: DDR3_BANK_WIDTH ==> 3
MIG: 11:36:58 : 
MIG: 11:36:58 :  Valid Param: DDR3_CK_WIDTH ==> 1
MIG: 11:36:58 :  Invalid Param: DDR3_COL_WIDTH ==> 10
MIG: 11:36:58 : 
MIG: 11:36:58 :  Valid Param: DDR3_CS_WIDTH ==> 1
MIG: 11:36:58 : 
MIG: 11:36:58 :  Valid Param: DDR3_nCS_PER_RANK ==> 1
MIG: 11:36:58 : 
MIG: 11:36:58 :  Valid Param: DDR3_CKE_WIDTH ==> 1
MIG: 11:36:58 :  Invalid Param: DDR3_DATA_BUF_ADDR_WIDTH ==> 5
MIG: 11:36:58 :  Invalid Param: DDR3_DQ_CNT_WIDTH ==> 3
MIG: 11:36:58 :  Invalid Param: DDR3_DQ_PER_DM ==> 8
MIG: 11:36:58 : 
MIG: 11:36:58 :  Valid Param: DDR3_DM_WIDTH ==> 1
MIG: 11:36:58 : 
MIG: 11:36:58 :  Valid Param: DDR3_DQ_WIDTH ==> 8
MIG: 11:36:58 : 
MIG: 11:36:58 :  Valid Param: DDR3_DQS_WIDTH ==> 1
MIG: 11:36:58 : 
MIG: 11:36:58 :  Valid Param: DDR3_DQS_CNT_WIDTH ==> 1
MIG: 11:36:58 :  Invalid Param: DDR3_DRAM_WIDTH ==> 8
MIG: 11:36:58 : 
MIG: 11:36:58 :  Valid Param: ECC ==> OFF
MIG: 11:36:58 : 
MIG: 11:36:58 :  Valid Param: DDR3_DATA_WIDTH ==> 8
MIG: 11:36:58 :  Invalid Param: ECC_TEST ==> "OFF"
MIG: 11:36:58 :  Invalid Param: DDR3_PAYLOAD_WIDTH ==> (ECC_TEST == "OFF") ? DATA_WIDTH : DQ_WIDTH
MIG: 11:36:58 :  Invalid Param: DDR3_MEM_ADDR_ORDER ==> "BANK_ROW_COLUMN"
MIG: 11:36:58 :  Invalid Param: DDR3_nBANK_MACHS ==> 4
MIG: 11:36:58 :  Invalid Param: DDR3_RANKS ==> 1
MIG: 11:36:58 : 
MIG: 11:36:58 :  Valid Param: DDR3_ODT_WIDTH ==> 1
MIG: 11:36:59 : 
MIG: 11:36:59 :  Valid Param: DDR3_ROW_WIDTH ==> 14
MIG: 11:36:59 : 
MIG: 11:36:59 :  Valid Param: DDR3_ADDR_WIDTH ==> 28
MIG: 11:36:59 : 
MIG: 11:36:59 :  Valid Param: DDR3_USE_CS_PORT ==> 1
MIG: 11:36:59 : 
MIG: 11:36:59 :  Valid Param: DDR3_USE_DM_PORT ==> 1
MIG: 11:36:59 : 
MIG: 11:36:59 :  Valid Param: DDR3_USE_ODT_PORT ==> 1
MIG: 11:36:59 :  Invalid Param: DDR3_IS_CLK_SHARED ==> "FALSE"
MIG: 11:36:59 :  Invalid Param: DDR3_PHY_CONTROL_MASTER_BANK ==> 0
MIG: 11:36:59 :  Invalid Param: DDR3_MEM_DENSITY ==> "1Gb"
MIG: 11:36:59 :  Invalid Param: DDR3_MEM_SPEEDGRADE ==> "125"
MIG: 11:36:59 :  Invalid Param: DDR3_MEM_DEVICE_WIDTH ==> 8
MIG: 11:36:59 :  Invalid Param: DDR3_AL ==> "0"
MIG: 11:36:59 :  Invalid Param: DDR3_nAL ==> 0
MIG: 11:36:59 :  Invalid Param: DDR3_BURST_MODE ==> "8"
MIG: 11:36:59 :  Invalid Param: DDR3_BURST_TYPE ==> "SEQ"
MIG: 11:36:59 :  Invalid Param: DDR3_CL ==> 11
MIG: 11:36:59 :  Invalid Param: DDR3_CWL ==> 8
MIG: 11:36:59 :  Invalid Param: DDR3_OUTPUT_DRV ==> "HIGH"
MIG: 11:36:59 :  Invalid Param: DDR3_RTT_NOM ==> "60"
MIG: 11:36:59 :  Invalid Param: DDR3_RTT_WR ==> "OFF"
MIG: 11:36:59 :  Invalid Param: DDR3_ADDR_CMD_MODE ==> "1T"
MIG: 11:36:59 : 
MIG: 11:36:59 :  Valid Param: DDR3_REG_CTRL ==> OFF
MIG: 11:36:59 :  Invalid Param: DDR3_CA_MIRROR ==> "OFF"
MIG: 11:36:59 :  Invalid Param: DDR3_VDD_OP_VOLT ==> "150"
MIG: 11:36:59 :  Invalid Param: DDR3_CLKIN_PERIOD ==> 2188
MIG: 11:36:59 :  Invalid Param: DDR3_CLKFBOUT_MULT ==> 7
MIG: 11:36:59 :  Invalid Param: DDR3_DIVCLK_DIVIDE ==> 2
MIG: 11:36:59 :  Invalid Param: DDR3_CLKOUT0_PHASE ==> 337.5
MIG: 11:36:59 :  Invalid Param: DDR3_CLKOUT0_DIVIDE ==> 2
MIG: 11:36:59 :  Invalid Param: DDR3_CLKOUT1_DIVIDE ==> 2
MIG: 11:36:59 :  Invalid Param: DDR3_CLKOUT2_DIVIDE ==> 32
MIG: 11:36:59 :  Invalid Param: DDR3_CLKOUT3_DIVIDE ==> 8
MIG: 11:36:59 :  Invalid Param: DDR3_MMCM_VCO ==> 800
MIG: 11:36:59 :  Invalid Param: DDR3_MMCM_MULT_F ==> 4
MIG: 11:36:59 :  Invalid Param: DDR3_MMCM_DIVCLK_DIVIDE ==> 1
MIG: 11:36:59 :  Invalid Param: DDR3_tCKE ==> 5000
MIG: 11:36:59 :  Invalid Param: DDR3_tFAW ==> 30000
MIG: 11:36:59 :  Invalid Param: DDR3_tPRDI ==> 1_000_000
MIG: 11:36:59 :  Invalid Param: DDR3_tRAS ==> 35000
MIG: 11:36:59 :  Invalid Param: DDR3_tRCD ==> 13750
MIG: 11:36:59 :  Invalid Param: DDR3_tREFI ==> 7800000
MIG: 11:36:59 :  Invalid Param: DDR3_tRFC ==> 110000
MIG: 11:36:59 :  Invalid Param: DDR3_tRP ==> 13750
MIG: 11:36:59 :  Invalid Param: DDR3_tRRD ==> 6000
MIG: 11:36:59 :  Invalid Param: DDR3_tRTP ==> 7500
MIG: 11:36:59 :  Invalid Param: DDR3_tWTR ==> 7500
MIG: 11:36:59 :  Invalid Param: DDR3_tZQI ==> 128_000_000
MIG: 11:36:59 :  Invalid Param: DDR3_tZQCS ==> 64
MIG: 11:36:59 :  Invalid Param: DDR3_SIM_BYPASS_INIT_CAL ==> "OFF"
MIG: 11:36:59 :  Invalid Param: DDR3_SIMULATION ==> "FALSE"
MIG: 11:36:59 :  Invalid Param: DDR3_BYTE_LANES_B0 ==> 4'b1111
MIG: 11:36:59 :  Invalid Param: DDR3_BYTE_LANES_B1 ==> 4'b0000
MIG: 11:36:59 :  Invalid Param: DDR3_BYTE_LANES_B2 ==> 4'b0000
MIG: 11:36:59 :  Invalid Param: DDR3_BYTE_LANES_B3 ==> 4'b0000
MIG: 11:36:59 :  Invalid Param: DDR3_BYTE_LANES_B4 ==> 4'b0000
MIG: 11:36:59 :  Invalid Param: DDR3_DATA_CTL_B0 ==> 4'b0001
MIG: 11:36:59 :  Invalid Param: DDR3_DATA_CTL_B1 ==> 4'b0000
MIG: 11:36:59 :  Invalid Param: DDR3_DATA_CTL_B2 ==> 4'b0000
MIG: 11:36:59 :  Invalid Param: DDR3_DATA_CTL_B3 ==> 4'b0000
MIG: 11:36:59 :  Invalid Param: DDR3_DATA_CTL_B4 ==> 4'b0000
MIG: 11:36:59 :  Invalid Param: DDR3_PHY_0_BITLANES ==> 48'h3FE_FFF_C00_2FF
MIG: 11:36:59 :  Invalid Param: DDR3_PHY_1_BITLANES ==> 48'h000_000_000_000
MIG: 11:36:59 :  Invalid Param: DDR3_PHY_2_BITLANES ==> 48'h000_000_000_000
MIG: 11:36:59 :  Invalid Param: DDR3_CK_BYTE_MAP ==> 144'h00_00_00_00_00_00_00_00_00_00_00_00_00_00_00_00_00_03
MIG: 11:36:59 :  Invalid Param: DDR3_ADDR_MAP ==> 192'h000_000_039_038_037_036_035_034_033_032_031_029_028_027_026_02B
MIG: 11:36:59 :  Invalid Param: DDR3_BANK_MAP ==> 36'h02A_025_024
MIG: 11:36:59 :  Invalid Param: DDR3_CAS_MAP ==> 12'h022
MIG: 11:36:59 :  Invalid Param: DDR3_CKE_ODT_BYTE_MAP ==> 8'h00
MIG: 11:36:59 :  Invalid Param: DDR3_CKE_MAP ==> 96'h000_000_000_000_000_000_000_01B
MIG: 11:36:59 :  Invalid Param: DDR3_ODT_MAP ==> 96'h000_000_000_000_000_000_000_01A
MIG: 11:36:59 :  Invalid Param: DDR3_CS_MAP ==> 120'h000_000_000_000_000_000_000_000_000_020
MIG: 11:36:59 :  Invalid Param: DDR3_PARITY_MAP ==> 12'h000
MIG: 11:36:59 :  Invalid Param: DDR3_RAS_MAP ==> 12'h023
MIG: 11:36:59 :  Invalid Param: DDR3_WE_MAP ==> 12'h021
MIG: 11:36:59 :  Invalid Param: DDR3_DQS_BYTE_MAP ==> 144'h00_00_00_00_00_00_00_00_00_00_00_00_00_00_00_00_00_00
MIG: 11:36:59 :  Invalid Param: DDR3_DATA0_MAP ==> 96'h000_001_002_003_004_005_006_007
MIG: 11:36:59 :  Invalid Param: DDR3_DATA1_MAP ==> 96'h000_000_000_000_000_000_000_000
MIG: 11:36:59 :  Invalid Param: DDR3_DATA2_MAP ==> 96'h000_000_000_000_000_000_000_000
MIG: 11:36:59 :  Invalid Param: DDR3_DATA3_MAP ==> 96'h000_000_000_000_000_000_000_000
MIG: 11:36:59 :  Invalid Param: DDR3_DATA4_MAP ==> 96'h000_000_000_000_000_000_000_000
MIG: 11:36:59 :  Invalid Param: DDR3_DATA5_MAP ==> 96'h000_000_000_000_000_000_000_000
MIG: 11:36:59 :  Invalid Param: DDR3_DATA6_MAP ==> 96'h000_000_000_000_000_000_000_000
MIG: 11:36:59 :  Invalid Param: DDR3_DATA7_MAP ==> 96'h000_000_000_000_000_000_000_000
MIG: 11:36:59 :  Invalid Param: DDR3_DATA8_MAP ==> 96'h000_000_000_000_000_000_000_000
MIG: 11:36:59 :  Invalid Param: DDR3_DATA9_MAP ==> 96'h000_000_000_000_000_000_000_000
MIG: 11:36:59 :  Invalid Param: DDR3_DATA10_MAP ==> 96'h000_000_000_000_000_000_000_000
MIG: 11:36:59 :  Invalid Param: DDR3_DATA11_MAP ==> 96'h000_000_000_000_000_000_000_000
MIG: 11:36:59 :  Invalid Param: DDR3_DATA12_MAP ==> 96'h000_000_000_000_000_000_000_000
MIG: 11:36:59 :  Invalid Param: DDR3_DATA13_MAP ==> 96'h000_000_000_000_000_000_000_000
MIG: 11:36:59 :  Invalid Param: DDR3_DATA14_MAP ==> 96'h000_000_000_000_000_000_000_000
MIG: 11:36:59 :  Invalid Param: DDR3_DATA15_MAP ==> 96'h000_000_000_000_000_000_000_000
MIG: 11:36:59 :  Invalid Param: DDR3_DATA16_MAP ==> 96'h000_000_000_000_000_000_000_000
MIG: 11:36:59 :  Invalid Param: DDR3_DATA17_MAP ==> 96'h000_000_000_000_000_000_000_000
MIG: 11:36:59 :  Invalid Param: DDR3_MASK0_MAP ==> 108'h000_000_000_000_000_000_000_000_009
MIG: 11:36:59 :  Invalid Param: DDR3_MASK1_MAP ==> 108'h000_000_000_000_000_000_000_000_000
MIG: 11:36:59 :  Invalid Param: DDR3_SLOT_0_CONFIG ==> 8'b0000_0001
MIG: 11:36:59 :  Invalid Param: DDR3_SLOT_1_CONFIG ==> 8'b0000_0000
MIG: 11:36:59 :  Invalid Param: DDR3_IBUF_LPWR_MODE ==> "OFF"
MIG: 11:36:59 :  Invalid Param: DDR3_DATA_IO_IDLE_PWRDWN ==> "ON"
MIG: 11:36:59 :  Invalid Param: DDR3_BANK_TYPE ==> "HP_IO"
MIG: 11:36:59 :  Invalid Param: DDR3_DATA_IO_PRIM_TYPE ==> "HP_LP"
MIG: 11:36:59 :  Invalid Param: DDR3_CKE_ODT_AUX ==> "FALSE"
MIG: 11:36:59 :  Invalid Param: DDR3_USER_REFRESH ==> "OFF"
MIG: 11:36:59 :  Invalid Param: DDR3_WRLVL ==> "ON"
MIG: 11:36:59 :  Invalid Param: DDR3_ORDERING ==> "NORM"
MIG: 11:36:59 :  Invalid Param: DDR3_CALIB_ROW_ADD ==> 16'h0000
MIG: 11:36:59 :  Invalid Param: DDR3_CALIB_COL_ADD ==> 12'h000
MIG: 11:36:59 :  Invalid Param: DDR3_CALIB_BA_ADD ==> 3'h0
MIG: 11:36:59 :  Invalid Param: DDR3_TCQ ==> 100
MIG: 11:36:59 :  Invalid Param: DDR3_IDELAY_ADJ ==> "ON"
MIG: 11:36:59 :  Invalid Param: DDR3_FINE_PER_BIT ==> "ON"
MIG: 11:36:59 :  Invalid Param: DDR3_CENTER_COMP_MODE ==> "ON"
MIG: 11:36:59 :  Invalid Param: DDR3_PI_VAL_ADJ ==> "ON"
MIG: 11:36:59 :  Invalid Param: DDR3_IODELAY_GRP0 ==> "MIG_7SERIES_0_IODELAY_MIG0"
MIG: 11:36:59 :  Invalid Param: DDR3_IODELAY_GRP1 ==> "MIG_7SERIES_0_IODELAY_MIG1"
MIG: 11:36:59 :  Invalid Param: DDR3_SYSCLK_TYPE ==> "DIFFERENTIAL"
MIG: 11:36:59 :  Invalid Param: DDR3_REFCLK_TYPE ==> "NO_BUFFER"
MIG: 11:36:59 :  Invalid Param: DDR3_SYS_RST_PORT ==> "FALSE"
MIG: 11:36:59 :  Invalid Param: DDR3_FPGA_SPEED_GRADE ==> 2
MIG: 11:36:59 :  Invalid Param: DDR3_CMD_PIPE_PLUS1 ==> "ON"
MIG: 11:36:59 :  Invalid Param: DDR3_DRAM_TYPE ==> "DDR3"
MIG: 11:36:59 :  Invalid Param: DDR3_CAL_WIDTH ==> "HALF"
MIG: 11:36:59 :  Invalid Param: DDR3_STARVE_LIMIT ==> 2
MIG: 11:36:59 :  Invalid Param: DDR3_REF_CLK_MMCM_IODELAY_CTRL ==> "TRUE"
MIG: 11:36:59 :  Invalid Param: DDR3_REFCLK_FREQ ==> 200.0
MIG: 11:36:59 :  Invalid Param: DDR3_DIFF_TERM_REFCLK ==> "TRUE"
MIG: 11:36:59 :  Invalid Param: DDR3_tCK ==> 1250
MIG: 11:36:59 : 
MIG: 11:36:59 :  Valid Param: DDR3_nCK_PER_CLK ==> 4
MIG: 11:36:59 :  Invalid Param: DDR3_DIFF_TERM_SYSCLK ==> "FALSE"
MIG: 11:36:59 : 
MIG: 11:36:59 :  Valid Param: DDR3_DEBUG_PORT ==> OFF
MIG: 11:36:59 : 
MIG: 11:36:59 :  Invalid Param: DDR3_TEMP_MON_CONTROL ==> "INTERNAL"
MIG: 11:36:59 :  Invalid Param: DDR3_FPGA_VOLT_TYPE ==> "N"
MIG: 11:36:59 :  Invalid Param: DDR3_RST_ACT_LOW ==> 1
MIG: 11:36:59 : 
MIG: 11:36:59 : 
MIG: 11:36:59 : 
MIG: 11:36:59 : Same Interface
MIG: 11:38:28 : xml_input_file: mig_a.prj
MIG: 11:38:29 : Absolute path of xml_input_file: c:/Users/marzh/Desktop/HBlast/HBlast.srcs/sources_1/ip/mig_7series_0/mig_a.prj
MIG: 11:38:29 : xml_input_file: mig_a.prj
MIG: 11:38:29 : Absolute path of xml_input_file: c:/Users/marzh/Desktop/HBlast/HBlast.srcs/sources_1/ip/mig_7series_0/mig_a.prj
MIG: 11:38:29 : In updateAllModelParams
MIG: 11:38:29 : IGN:     <ModuleName>mig_7series_0</ModuleName> <==>     <ModuleName>mig_7series_0</ModuleName> 
MIG: 11:38:29 : ERR:     <Version>4.0</Version> <==>     <Version>4.1</Version> 
MIG: 11:38:29 : ################# RUNNING MIG BATCH ###################
MIG: 11:38:29 : Writing IN file for 'mig_7series_0'...compDirPath: c:/Xilinx/Intsall/Vivado/2018.2/data/ip/xilinx/mig_7series_v4_1... instDirPath: c:/Users/marzh/Desktop/HBlast/HBlast.srcs/sources_1/ip/mig_7series_0
MIG: 11:38:29 : synp_flow:  -- synthesis_mode: Other
MIG: 11:38:29 : outputDirectory: c:/Users/marzh/Desktop/HBlast/HBlast.srcs/sources_1/ip/mig_7series_0/_tmp/
MIG: 11:38:29 : vivado_mode: xpg_pa
MIG: 11:38:29 :  locked false  
MIG: 11:38:29 : HDL Language: Verilog
MIG: 11:38:29 : compInfo: true
MIG: 11:38:29 : Vivado Options xc7vx690t ffg1761 -2
MIG: 11:38:29 : 1: xc7vx690t 2: ffg1761 3: -2
MIG: 11:38:29 : relative mig path: coregen/ip/xilinx/other/com/xilinx/ip/mig_7series_v4_1/bin/nt64/mig.exe
MIG: 11:38:29 : xilinx_path: C:/Xilinx/Intsall/Vivado/2018.2/ids_lite/ISE
MIG: 11:38:29 : I am in catch area
MIG: 11:38:29 : Running C:/Xilinx/Intsall/Vivado/2018.2/ids_lite/ISE/coregen/ip/xilinx/other/com/xilinx/ip/mig_7series_v4_1/bin/nt64/mig.exe -cg_exc_inp c:/Users/marzh/Desktop/HBlast/HBlast.srcs/sources_1/ip/mig_7series_0/xil_txt.in -cg_exc_out c:/Users/marzh/Desktop/HBlast/HBlast.srcs/sources_1/ip/mig_7series_0/xil_txt.out ... 
MIG: 11:38:46 : XML_INPUT_FILE: c:/Users/marzh/Desktop/HBlast/HBlast.srcs/sources_1/ip/mig_7series_0/mig_a.prj
MIG: 11:38:46 : Component_Name: mig_7series_0
MIG: 11:38:46 : Moving mig_7series_0 ...
MIG: 11:38:47 : Moving mig_7series_0.veo ...
MIG: 11:38:47 : Moving mig_7series_0_xmdf.tcl ...
MIG: 11:38:47 : XGUI hdlLanguage: Verilog
MIG: 11:38:47 : xgui vivado_mode: xpg_pa
MIG: 11:38:47 : xgui hdlLanguage: Verilog -- hdlExt: v
MIG: 11:38:47 : Reading C:/Users/marzh/Desktop/HBlast/HBlast.srcs/sources_1/ip/mig_7series_0/mig_7series_0/user_design/rtl/mig_7series_0_mig.v ...
MIG: 11:38:48 : 
MIG: 11:38:48 : Inside fn mem: DDR3
MIG: 11:38:48 : detect_uiclk: 200000000
MIG: 11:38:48 : cntrl:  memtype: DDR3
MIG: 11:38:48 : 
MIG: 11:38:48 :  MMCM_VCO single ctrl param_name: MMCM_VCO --  possibleMaxVcoVal: 800 
MIG: 11:38:48 : 
MIG: 11:38:48 : 
MIG: 11:38:48 : 
MIG: 11:38:48 : 
MIG: 11:38:48 :  polarity_value: 1
MIG: 11:38:48 : 
MIG: 11:38:48 : 
MIG: 11:38:48 : cntrl:  memtype: DDR3
MIG: 11:38:48 : 
MIG: 11:38:48 :  Valid Param: DDR3_BANK_WIDTH ==> 3
MIG: 11:38:48 : 
MIG: 11:38:48 :  Valid Param: DDR3_CK_WIDTH ==> 1
MIG: 11:38:48 :  Invalid Param: DDR3_COL_WIDTH ==> 10
MIG: 11:38:48 : 
MIG: 11:38:48 :  Valid Param: DDR3_CS_WIDTH ==> 1
MIG: 11:38:48 : 
MIG: 11:38:48 :  Valid Param: DDR3_nCS_PER_RANK ==> 1
MIG: 11:38:48 : 
MIG: 11:38:48 :  Valid Param: DDR3_CKE_WIDTH ==> 1
MIG: 11:38:48 :  Invalid Param: DDR3_DATA_BUF_ADDR_WIDTH ==> 5
MIG: 11:38:48 :  Invalid Param: DDR3_DQ_CNT_WIDTH ==> 3
MIG: 11:38:48 :  Invalid Param: DDR3_DQ_PER_DM ==> 8
MIG: 11:38:48 : 
MIG: 11:38:48 :  Valid Param: DDR3_DM_WIDTH ==> 1
MIG: 11:38:48 : 
MIG: 11:38:48 :  Valid Param: DDR3_DQ_WIDTH ==> 8
MIG: 11:38:48 : 
MIG: 11:38:48 :  Valid Param: DDR3_DQS_WIDTH ==> 1
MIG: 11:38:48 : 
MIG: 11:38:48 :  Valid Param: DDR3_DQS_CNT_WIDTH ==> 1
MIG: 11:38:48 :  Invalid Param: DDR3_DRAM_WIDTH ==> 8
MIG: 11:38:48 : 
MIG: 11:38:48 :  Valid Param: ECC ==> OFF
MIG: 11:38:48 : 
MIG: 11:38:48 :  Valid Param: DDR3_DATA_WIDTH ==> 8
MIG: 11:38:48 :  Invalid Param: ECC_TEST ==> "OFF"
MIG: 11:38:48 :  Invalid Param: DDR3_PAYLOAD_WIDTH ==> (ECC_TEST == "OFF") ? DATA_WIDTH : DQ_WIDTH
MIG: 11:38:48 :  Invalid Param: DDR3_MEM_ADDR_ORDER ==> "BANK_ROW_COLUMN"
MIG: 11:38:48 :  Invalid Param: DDR3_nBANK_MACHS ==> 4
MIG: 11:38:48 :  Invalid Param: DDR3_RANKS ==> 1
MIG: 11:38:48 : 
MIG: 11:38:48 :  Valid Param: DDR3_ODT_WIDTH ==> 1
MIG: 11:38:48 : 
MIG: 11:38:48 :  Valid Param: DDR3_ROW_WIDTH ==> 14
MIG: 11:38:48 : 
MIG: 11:38:48 :  Valid Param: DDR3_ADDR_WIDTH ==> 28
MIG: 11:38:48 : 
MIG: 11:38:48 :  Valid Param: DDR3_USE_CS_PORT ==> 1
MIG: 11:38:48 : 
MIG: 11:38:48 :  Valid Param: DDR3_USE_DM_PORT ==> 1
MIG: 11:38:48 : 
MIG: 11:38:48 :  Valid Param: DDR3_USE_ODT_PORT ==> 1
MIG: 11:38:48 :  Invalid Param: DDR3_IS_CLK_SHARED ==> "FALSE"
MIG: 11:38:48 :  Invalid Param: DDR3_PHY_CONTROL_MASTER_BANK ==> 0
MIG: 11:38:48 :  Invalid Param: DDR3_MEM_DENSITY ==> "1Gb"
MIG: 11:38:48 :  Invalid Param: DDR3_MEM_SPEEDGRADE ==> "125"
MIG: 11:38:48 :  Invalid Param: DDR3_MEM_DEVICE_WIDTH ==> 8
MIG: 11:38:48 :  Invalid Param: DDR3_AL ==> "0"
MIG: 11:38:48 :  Invalid Param: DDR3_nAL ==> 0
MIG: 11:38:48 :  Invalid Param: DDR3_BURST_MODE ==> "8"
MIG: 11:38:48 :  Invalid Param: DDR3_BURST_TYPE ==> "SEQ"
MIG: 11:38:48 :  Invalid Param: DDR3_CL ==> 11
MIG: 11:38:48 :  Invalid Param: DDR3_CWL ==> 8
MIG: 11:38:48 :  Invalid Param: DDR3_OUTPUT_DRV ==> "HIGH"
MIG: 11:38:48 :  Invalid Param: DDR3_RTT_NOM ==> "60"
MIG: 11:38:48 :  Invalid Param: DDR3_RTT_WR ==> "OFF"
MIG: 11:38:48 :  Invalid Param: DDR3_ADDR_CMD_MODE ==> "1T"
MIG: 11:38:48 : 
MIG: 11:38:48 :  Valid Param: DDR3_REG_CTRL ==> OFF
MIG: 11:38:48 :  Invalid Param: DDR3_CA_MIRROR ==> "OFF"
MIG: 11:38:48 :  Invalid Param: DDR3_VDD_OP_VOLT ==> "150"
MIG: 11:38:48 :  Invalid Param: DDR3_CLKIN_PERIOD ==> 2188
MIG: 11:38:48 :  Invalid Param: DDR3_CLKFBOUT_MULT ==> 7
MIG: 11:38:48 :  Invalid Param: DDR3_DIVCLK_DIVIDE ==> 2
MIG: 11:38:48 :  Invalid Param: DDR3_CLKOUT0_PHASE ==> 337.5
MIG: 11:38:48 :  Invalid Param: DDR3_CLKOUT0_DIVIDE ==> 2
MIG: 11:38:48 :  Invalid Param: DDR3_CLKOUT1_DIVIDE ==> 2
MIG: 11:38:48 :  Invalid Param: DDR3_CLKOUT2_DIVIDE ==> 32
MIG: 11:38:48 :  Invalid Param: DDR3_CLKOUT3_DIVIDE ==> 8
MIG: 11:38:48 :  Invalid Param: DDR3_MMCM_VCO ==> 800
MIG: 11:38:48 :  Invalid Param: DDR3_MMCM_MULT_F ==> 4
MIG: 11:38:48 :  Invalid Param: DDR3_MMCM_DIVCLK_DIVIDE ==> 1
MIG: 11:38:48 :  Invalid Param: DDR3_tCKE ==> 5000
MIG: 11:38:48 :  Invalid Param: DDR3_tFAW ==> 30000
MIG: 11:38:48 :  Invalid Param: DDR3_tPRDI ==> 1_000_000
MIG: 11:38:48 :  Invalid Param: DDR3_tRAS ==> 35000
MIG: 11:38:48 :  Invalid Param: DDR3_tRCD ==> 13750
MIG: 11:38:48 :  Invalid Param: DDR3_tREFI ==> 7800000
MIG: 11:38:48 :  Invalid Param: DDR3_tRFC ==> 110000
MIG: 11:38:48 :  Invalid Param: DDR3_tRP ==> 13750
MIG: 11:38:48 :  Invalid Param: DDR3_tRRD ==> 6000
MIG: 11:38:48 :  Invalid Param: DDR3_tRTP ==> 7500
MIG: 11:38:48 :  Invalid Param: DDR3_tWTR ==> 7500
MIG: 11:38:48 :  Invalid Param: DDR3_tZQI ==> 128_000_000
MIG: 11:38:49 :  Invalid Param: DDR3_tZQCS ==> 64
MIG: 11:38:49 :  Invalid Param: DDR3_SIM_BYPASS_INIT_CAL ==> "OFF"
MIG: 11:38:49 :  Invalid Param: DDR3_SIMULATION ==> "FALSE"
MIG: 11:38:49 :  Invalid Param: DDR3_BYTE_LANES_B0 ==> 4'b1111
MIG: 11:38:49 :  Invalid Param: DDR3_BYTE_LANES_B1 ==> 4'b0000
MIG: 11:38:49 :  Invalid Param: DDR3_BYTE_LANES_B2 ==> 4'b0000
MIG: 11:38:49 :  Invalid Param: DDR3_BYTE_LANES_B3 ==> 4'b0000
MIG: 11:38:49 :  Invalid Param: DDR3_BYTE_LANES_B4 ==> 4'b0000
MIG: 11:38:49 :  Invalid Param: DDR3_DATA_CTL_B0 ==> 4'b0001
MIG: 11:38:49 :  Invalid Param: DDR3_DATA_CTL_B1 ==> 4'b0000
MIG: 11:38:49 :  Invalid Param: DDR3_DATA_CTL_B2 ==> 4'b0000
MIG: 11:38:49 :  Invalid Param: DDR3_DATA_CTL_B3 ==> 4'b0000
MIG: 11:38:49 :  Invalid Param: DDR3_DATA_CTL_B4 ==> 4'b0000
MIG: 11:38:49 :  Invalid Param: DDR3_PHY_0_BITLANES ==> 48'h3FE_FFF_C00_2FF
MIG: 11:38:49 :  Invalid Param: DDR3_PHY_1_BITLANES ==> 48'h000_000_000_000
MIG: 11:38:49 :  Invalid Param: DDR3_PHY_2_BITLANES ==> 48'h000_000_000_000
MIG: 11:38:49 :  Invalid Param: DDR3_CK_BYTE_MAP ==> 144'h00_00_00_00_00_00_00_00_00_00_00_00_00_00_00_00_00_03
MIG: 11:38:49 :  Invalid Param: DDR3_ADDR_MAP ==> 192'h000_000_039_038_037_036_035_034_033_032_031_029_028_027_026_02B
MIG: 11:38:49 :  Invalid Param: DDR3_BANK_MAP ==> 36'h02A_025_024
MIG: 11:38:49 :  Invalid Param: DDR3_CAS_MAP ==> 12'h022
MIG: 11:38:49 :  Invalid Param: DDR3_CKE_ODT_BYTE_MAP ==> 8'h00
MIG: 11:38:49 :  Invalid Param: DDR3_CKE_MAP ==> 96'h000_000_000_000_000_000_000_01B
MIG: 11:38:49 :  Invalid Param: DDR3_ODT_MAP ==> 96'h000_000_000_000_000_000_000_01A
MIG: 11:38:49 :  Invalid Param: DDR3_CS_MAP ==> 120'h000_000_000_000_000_000_000_000_000_020
MIG: 11:38:49 :  Invalid Param: DDR3_PARITY_MAP ==> 12'h000
MIG: 11:38:49 :  Invalid Param: DDR3_RAS_MAP ==> 12'h023
MIG: 11:38:49 :  Invalid Param: DDR3_WE_MAP ==> 12'h021
MIG: 11:38:49 :  Invalid Param: DDR3_DQS_BYTE_MAP ==> 144'h00_00_00_00_00_00_00_00_00_00_00_00_00_00_00_00_00_00
MIG: 11:38:49 :  Invalid Param: DDR3_DATA0_MAP ==> 96'h000_001_002_003_004_005_006_007
MIG: 11:38:49 :  Invalid Param: DDR3_DATA1_MAP ==> 96'h000_000_000_000_000_000_000_000
MIG: 11:38:49 :  Invalid Param: DDR3_DATA2_MAP ==> 96'h000_000_000_000_000_000_000_000
MIG: 11:38:49 :  Invalid Param: DDR3_DATA3_MAP ==> 96'h000_000_000_000_000_000_000_000
MIG: 11:38:49 :  Invalid Param: DDR3_DATA4_MAP ==> 96'h000_000_000_000_000_000_000_000
MIG: 11:38:49 :  Invalid Param: DDR3_DATA5_MAP ==> 96'h000_000_000_000_000_000_000_000
MIG: 11:38:49 :  Invalid Param: DDR3_DATA6_MAP ==> 96'h000_000_000_000_000_000_000_000
MIG: 11:38:49 :  Invalid Param: DDR3_DATA7_MAP ==> 96'h000_000_000_000_000_000_000_000
MIG: 11:38:49 :  Invalid Param: DDR3_DATA8_MAP ==> 96'h000_000_000_000_000_000_000_000
MIG: 11:38:49 :  Invalid Param: DDR3_DATA9_MAP ==> 96'h000_000_000_000_000_000_000_000
MIG: 11:38:49 :  Invalid Param: DDR3_DATA10_MAP ==> 96'h000_000_000_000_000_000_000_000
MIG: 11:38:49 :  Invalid Param: DDR3_DATA11_MAP ==> 96'h000_000_000_000_000_000_000_000
MIG: 11:38:49 :  Invalid Param: DDR3_DATA12_MAP ==> 96'h000_000_000_000_000_000_000_000
MIG: 11:38:49 :  Invalid Param: DDR3_DATA13_MAP ==> 96'h000_000_000_000_000_000_000_000
MIG: 11:38:49 :  Invalid Param: DDR3_DATA14_MAP ==> 96'h000_000_000_000_000_000_000_000
MIG: 11:38:49 :  Invalid Param: DDR3_DATA15_MAP ==> 96'h000_000_000_000_000_000_000_000
MIG: 11:38:49 :  Invalid Param: DDR3_DATA16_MAP ==> 96'h000_000_000_000_000_000_000_000
MIG: 11:38:49 :  Invalid Param: DDR3_DATA17_MAP ==> 96'h000_000_000_000_000_000_000_000
MIG: 11:38:49 :  Invalid Param: DDR3_MASK0_MAP ==> 108'h000_000_000_000_000_000_000_000_009
MIG: 11:38:49 :  Invalid Param: DDR3_MASK1_MAP ==> 108'h000_000_000_000_000_000_000_000_000
MIG: 11:38:49 :  Invalid Param: DDR3_SLOT_0_CONFIG ==> 8'b0000_0001
MIG: 11:38:49 :  Invalid Param: DDR3_SLOT_1_CONFIG ==> 8'b0000_0000
MIG: 11:38:49 :  Invalid Param: DDR3_IBUF_LPWR_MODE ==> "OFF"
MIG: 11:38:49 :  Invalid Param: DDR3_DATA_IO_IDLE_PWRDWN ==> "ON"
MIG: 11:38:49 :  Invalid Param: DDR3_BANK_TYPE ==> "HP_IO"
MIG: 11:38:49 :  Invalid Param: DDR3_DATA_IO_PRIM_TYPE ==> "HP_LP"
MIG: 11:38:49 :  Invalid Param: DDR3_CKE_ODT_AUX ==> "FALSE"
MIG: 11:38:49 :  Invalid Param: DDR3_USER_REFRESH ==> "OFF"
MIG: 11:38:49 :  Invalid Param: DDR3_WRLVL ==> "ON"
MIG: 11:38:49 :  Invalid Param: DDR3_ORDERING ==> "NORM"
MIG: 11:38:49 :  Invalid Param: DDR3_CALIB_ROW_ADD ==> 16'h0000
MIG: 11:38:49 :  Invalid Param: DDR3_CALIB_COL_ADD ==> 12'h000
MIG: 11:38:49 :  Invalid Param: DDR3_CALIB_BA_ADD ==> 3'h0
MIG: 11:38:49 :  Invalid Param: DDR3_TCQ ==> 100
MIG: 11:38:49 :  Invalid Param: DDR3_IDELAY_ADJ ==> "ON"
MIG: 11:38:49 :  Invalid Param: DDR3_FINE_PER_BIT ==> "ON"
MIG: 11:38:49 :  Invalid Param: DDR3_CENTER_COMP_MODE ==> "ON"
MIG: 11:38:49 :  Invalid Param: DDR3_PI_VAL_ADJ ==> "ON"
MIG: 11:38:49 :  Invalid Param: DDR3_IODELAY_GRP0 ==> "MIG_7SERIES_0_IODELAY_MIG0"
MIG: 11:38:49 :  Invalid Param: DDR3_IODELAY_GRP1 ==> "MIG_7SERIES_0_IODELAY_MIG1"
MIG: 11:38:49 :  Invalid Param: DDR3_SYSCLK_TYPE ==> "DIFFERENTIAL"
MIG: 11:38:49 :  Invalid Param: DDR3_REFCLK_TYPE ==> "NO_BUFFER"
MIG: 11:38:49 :  Invalid Param: DDR3_SYS_RST_PORT ==> "FALSE"
MIG: 11:38:49 :  Invalid Param: DDR3_FPGA_SPEED_GRADE ==> 2
MIG: 11:38:49 :  Invalid Param: DDR3_CMD_PIPE_PLUS1 ==> "ON"
MIG: 11:38:49 :  Invalid Param: DDR3_DRAM_TYPE ==> "DDR3"
MIG: 11:38:49 :  Invalid Param: DDR3_CAL_WIDTH ==> "HALF"
MIG: 11:38:49 :  Invalid Param: DDR3_STARVE_LIMIT ==> 2
MIG: 11:38:49 :  Invalid Param: DDR3_REF_CLK_MMCM_IODELAY_CTRL ==> "TRUE"
MIG: 11:38:49 :  Invalid Param: DDR3_REFCLK_FREQ ==> 200.0
MIG: 11:38:49 :  Invalid Param: DDR3_DIFF_TERM_REFCLK ==> "TRUE"
MIG: 11:38:49 :  Invalid Param: DDR3_tCK ==> 1250
MIG: 11:38:49 : 
MIG: 11:38:49 :  Valid Param: DDR3_nCK_PER_CLK ==> 4
MIG: 11:38:49 :  Invalid Param: DDR3_DIFF_TERM_SYSCLK ==> "FALSE"
MIG: 11:38:49 : 
MIG: 11:38:49 :  Valid Param: DDR3_DEBUG_PORT ==> OFF
MIG: 11:38:49 : 
MIG: 11:38:49 :  Invalid Param: DDR3_TEMP_MON_CONTROL ==> "INTERNAL"
MIG: 11:38:49 :  Invalid Param: DDR3_FPGA_VOLT_TYPE ==> "N"
MIG: 11:38:49 :  Invalid Param: DDR3_RST_ACT_LOW ==> 1
MIG: 11:38:49 : 
MIG: 11:38:49 : 
MIG: 11:38:49 : 
MIG: 11:38:49 : Same Interface
MIG: 11:38:51 : Running synthesis.xit
MIG: 11:38:51 : IGN:     <ModuleName>mig_7series_0</ModuleName> <==>     <ModuleName>mig_7series_0</ModuleName> 
MIG: 11:38:51 : ERR:     <Version>4.0</Version> <==>     <Version>4.1</Version> 
MIG: 11:38:51 : ################# RUNNING MIG BATCH ###################
MIG: 11:38:51 : Writing IN file for 'mig_7series_0'...compDirPath: c:/Xilinx/Intsall/Vivado/2018.2/data/ip/xilinx/mig_7series_v4_1... instDirPath: c:/Users/marzh/Desktop/HBlast/HBlast.srcs/sources_1/ip/mig_7series_0
MIG: 11:38:51 : synp_flow:  -- synthesis_mode: Other
MIG: 11:38:51 : outputDirectory: c:/Users/marzh/Desktop/HBlast/HBlast.srcs/sources_1/ip/mig_7series_0/_tmp/
MIG: 11:38:51 : vivado_mode: xpg_pa
MIG: 11:38:51 :  locked false  
MIG: 11:38:51 : HDL Language: Verilog
MIG: 11:38:52 : compInfo: false
MIG: 11:38:52 : Vivado Options xc7vx690t ffg1761 -2
MIG: 11:38:52 : 1: xc7vx690t 2: ffg1761 3: -2
MIG: 11:38:52 : relative mig path: coregen/ip/xilinx/other/com/xilinx/ip/mig_7series_v4_1/bin/nt64/mig.exe
MIG: 11:38:52 : xilinx_path: C:/Xilinx/Intsall/Vivado/2018.2/ids_lite/ISE
MIG: 11:38:52 : I am in catch area
MIG: 11:38:52 : Running C:/Xilinx/Intsall/Vivado/2018.2/ids_lite/ISE/coregen/ip/xilinx/other/com/xilinx/ip/mig_7series_v4_1/bin/nt64/mig.exe -cg_exc_inp c:/Users/marzh/Desktop/HBlast/HBlast.srcs/sources_1/ip/mig_7series_0/xil_txt.in -cg_exc_out c:/Users/marzh/Desktop/HBlast/HBlast.srcs/sources_1/ip/mig_7series_0/xil_txt.out ... 
MIG: 11:39:10 : XML_INPUT_FILE: c:/Users/marzh/Desktop/HBlast/HBlast.srcs/sources_1/ip/mig_7series_0/mig_a.prj
MIG: 11:39:10 : Component_Name: mig_7series_0
MIG: 11:39:10 : Moving mig_7series_0 ...
MIG: 11:39:10 : Moving mig_7series_0.veo ...
MIG: 11:39:10 : Moving mig_7series_0_xmdf.tcl ...
MIG: 11:39:10 : Running vlog_synth_rpr.xit
MIG: 11:39:11 : IGN:     <ModuleName>mig_7series_0</ModuleName> <==>     <ModuleName>mig_7series_0</ModuleName> 
MIG: 11:39:11 : ERR:     <Version>4.0</Version> <==>     <Version>4.1</Version> 
MIG: 11:39:11 : ################# RUNNING MIG BATCH ###################
MIG: 11:39:11 : Writing IN file for 'mig_7series_0'...compDirPath: c:/Xilinx/Intsall/Vivado/2018.2/data/ip/xilinx/mig_7series_v4_1... instDirPath: c:/Users/marzh/Desktop/HBlast/HBlast.srcs/sources_1/ip/mig_7series_0
MIG: 11:39:11 : synp_flow:  -- synthesis_mode: Other
MIG: 11:39:11 : outputDirectory: c:/Users/marzh/Desktop/HBlast/HBlast.srcs/sources_1/ip/mig_7series_0/_tmp/
MIG: 11:39:11 : vivado_mode: xpg_pa
MIG: 11:39:11 :  locked false  
MIG: 11:39:11 : HDL Language: Verilog
MIG: 11:39:11 : compInfo: false
MIG: 11:39:11 : Vivado Options xc7vx690t ffg1761 -2
MIG: 11:39:11 : 1: xc7vx690t 2: ffg1761 3: -2
MIG: 11:39:11 : relative mig path: coregen/ip/xilinx/other/com/xilinx/ip/mig_7series_v4_1/bin/nt64/mig.exe
MIG: 11:39:11 : xilinx_path: C:/Xilinx/Intsall/Vivado/2018.2/ids_lite/ISE
MIG: 11:39:11 : I am in catch area
MIG: 11:39:11 : Running C:/Xilinx/Intsall/Vivado/2018.2/ids_lite/ISE/coregen/ip/xilinx/other/com/xilinx/ip/mig_7series_v4_1/bin/nt64/mig.exe -cg_exc_inp c:/Users/marzh/Desktop/HBlast/HBlast.srcs/sources_1/ip/mig_7series_0/xil_txt.in -cg_exc_out c:/Users/marzh/Desktop/HBlast/HBlast.srcs/sources_1/ip/mig_7series_0/xil_txt.out ... 
MIG: 11:39:29 : XML_INPUT_FILE: c:/Users/marzh/Desktop/HBlast/HBlast.srcs/sources_1/ip/mig_7series_0/mig_a.prj
MIG: 11:39:29 : Component_Name: mig_7series_0
MIG: 11:39:29 : Moving mig_7series_0 ...
MIG: 11:39:29 : Moving mig_7series_0.veo ...
MIG: 11:39:29 : Moving mig_7series_0_xmdf.tcl ...
MIG: 11:39:29 : Running simulation.xit
MIG: 11:39:30 : IGN:     <ModuleName>mig_7series_0</ModuleName> <==>     <ModuleName>mig_7series_0</ModuleName> 
MIG: 11:39:30 : ERR:     <Version>4.0</Version> <==>     <Version>4.1</Version> 
MIG: 11:39:30 : ################# RUNNING MIG BATCH ###################
MIG: 11:39:30 : Writing IN file for 'mig_7series_0'...compDirPath: c:/Xilinx/Intsall/Vivado/2018.2/data/ip/xilinx/mig_7series_v4_1... instDirPath: c:/Users/marzh/Desktop/HBlast/HBlast.srcs/sources_1/ip/mig_7series_0
MIG: 11:39:30 : synp_flow:  -- synthesis_mode: Other
MIG: 11:39:30 : outputDirectory: c:/Users/marzh/Desktop/HBlast/HBlast.srcs/sources_1/ip/mig_7series_0/_tmp/
MIG: 11:39:30 : vivado_mode: xpg_pa
MIG: 11:39:30 :  locked false  
MIG: 11:39:30 : HDL Language: Verilog
MIG: 11:39:30 : compInfo: false
MIG: 11:39:30 : Vivado Options xc7vx690t ffg1761 -2
MIG: 11:39:30 : 1: xc7vx690t 2: ffg1761 3: -2
MIG: 11:39:30 : relative mig path: coregen/ip/xilinx/other/com/xilinx/ip/mig_7series_v4_1/bin/nt64/mig.exe
MIG: 11:39:30 : xilinx_path: C:/Xilinx/Intsall/Vivado/2018.2/ids_lite/ISE
MIG: 11:39:30 : I am in catch area
MIG: 11:39:30 : Running C:/Xilinx/Intsall/Vivado/2018.2/ids_lite/ISE/coregen/ip/xilinx/other/com/xilinx/ip/mig_7series_v4_1/bin/nt64/mig.exe -cg_exc_inp c:/Users/marzh/Desktop/HBlast/HBlast.srcs/sources_1/ip/mig_7series_0/xil_txt.in -cg_exc_out c:/Users/marzh/Desktop/HBlast/HBlast.srcs/sources_1/ip/mig_7series_0/xil_txt.out ... 
MIG: 11:39:48 : XML_INPUT_FILE: c:/Users/marzh/Desktop/HBlast/HBlast.srcs/sources_1/ip/mig_7series_0/mig_a.prj
MIG: 11:39:48 : Component_Name: mig_7series_0
MIG: 11:39:48 : Moving mig_7series_0 ...
MIG: 11:39:48 : Moving mig_7series_0.veo ...
MIG: 11:39:48 : Moving mig_7series_0_xmdf.tcl ...
MIG: 11:39:48 : Running vlog_sim_rpr.xit .. PRASAD DBG1
MIG: 11:39:49 : IGN:     <ModuleName>mig_7series_0</ModuleName> <==>     <ModuleName>mig_7series_0</ModuleName> 
MIG: 11:39:49 : ERR:     <Version>4.0</Version> <==>     <Version>4.1</Version> 
MIG: 11:39:49 : ################# RUNNING MIG BATCH ###################
MIG: 11:39:49 : Writing IN file for 'mig_7series_0'...compDirPath: c:/Xilinx/Intsall/Vivado/2018.2/data/ip/xilinx/mig_7series_v4_1... instDirPath: c:/Users/marzh/Desktop/HBlast/HBlast.srcs/sources_1/ip/mig_7series_0
MIG: 11:39:49 : synp_flow:  -- synthesis_mode: Other
MIG: 11:39:49 : outputDirectory: c:/Users/marzh/Desktop/HBlast/HBlast.srcs/sources_1/ip/mig_7series_0/_tmp/
MIG: 11:39:49 : vivado_mode: xpg_pa
MIG: 11:39:49 :  locked false  
MIG: 11:39:49 : HDL Language: Verilog
MIG: 11:39:49 : compInfo: false
MIG: 11:39:49 : Vivado Options xc7vx690t ffg1761 -2
MIG: 11:39:49 : 1: xc7vx690t 2: ffg1761 3: -2
MIG: 11:39:49 : relative mig path: coregen/ip/xilinx/other/com/xilinx/ip/mig_7series_v4_1/bin/nt64/mig.exe
MIG: 11:39:49 : xilinx_path: C:/Xilinx/Intsall/Vivado/2018.2/ids_lite/ISE
MIG: 11:39:49 : I am in catch area
MIG: 11:39:49 : Running C:/Xilinx/Intsall/Vivado/2018.2/ids_lite/ISE/coregen/ip/xilinx/other/com/xilinx/ip/mig_7series_v4_1/bin/nt64/mig.exe -cg_exc_inp c:/Users/marzh/Desktop/HBlast/HBlast.srcs/sources_1/ip/mig_7series_0/xil_txt.in -cg_exc_out c:/Users/marzh/Desktop/HBlast/HBlast.srcs/sources_1/ip/mig_7series_0/xil_txt.out ... 
MIG: 11:40:07 : XML_INPUT_FILE: c:/Users/marzh/Desktop/HBlast/HBlast.srcs/sources_1/ip/mig_7series_0/mig_a.prj
MIG: 11:40:07 : Component_Name: mig_7series_0
MIG: 11:40:07 : Moving mig_7series_0 ...
MIG: 11:40:07 : Moving mig_7series_0.veo ...
MIG: 11:40:07 : Moving mig_7series_0_xmdf.tcl ...
MIG: 11:40:07 : Running implementation.xit
MIG: 11:40:08 : IGN:     <ModuleName>mig_7series_0</ModuleName> <==>     <ModuleName>mig_7series_0</ModuleName> 
MIG: 11:40:08 : ERR:     <Version>4.0</Version> <==>     <Version>4.1</Version> 
MIG: 11:40:08 : ################# RUNNING MIG BATCH ###################
MIG: 11:40:08 : Writing IN file for 'mig_7series_0'...compDirPath: c:/Xilinx/Intsall/Vivado/2018.2/data/ip/xilinx/mig_7series_v4_1... instDirPath: c:/Users/marzh/Desktop/HBlast/HBlast.srcs/sources_1/ip/mig_7series_0
MIG: 11:40:08 : synp_flow:  -- synthesis_mode: Other
MIG: 11:40:08 : outputDirectory: c:/Users/marzh/Desktop/HBlast/HBlast.srcs/sources_1/ip/mig_7series_0/_tmp/
MIG: 11:40:08 : vivado_mode: xpg_pa
MIG: 11:40:08 :  locked false  
MIG: 11:40:08 : HDL Language: Verilog
MIG: 11:40:08 : compInfo: false
MIG: 11:40:08 : Vivado Options xc7vx690t ffg1761 -2
MIG: 11:40:08 : 1: xc7vx690t 2: ffg1761 3: -2
MIG: 11:40:08 : relative mig path: coregen/ip/xilinx/other/com/xilinx/ip/mig_7series_v4_1/bin/nt64/mig.exe
MIG: 11:40:08 : xilinx_path: C:/Xilinx/Intsall/Vivado/2018.2/ids_lite/ISE
MIG: 11:40:08 : I am in catch area
MIG: 11:40:08 : Running C:/Xilinx/Intsall/Vivado/2018.2/ids_lite/ISE/coregen/ip/xilinx/other/com/xilinx/ip/mig_7series_v4_1/bin/nt64/mig.exe -cg_exc_inp c:/Users/marzh/Desktop/HBlast/HBlast.srcs/sources_1/ip/mig_7series_0/xil_txt.in -cg_exc_out c:/Users/marzh/Desktop/HBlast/HBlast.srcs/sources_1/ip/mig_7series_0/xil_txt.out ... 
MIG: 11:40:26 : XML_INPUT_FILE: c:/Users/marzh/Desktop/HBlast/HBlast.srcs/sources_1/ip/mig_7series_0/mig_a.prj
MIG: 11:40:26 : Component_Name: mig_7series_0
MIG: 11:40:26 : Moving mig_7series_0 ...
MIG: 11:40:26 : Moving mig_7series_0.veo ...
MIG: 11:40:26 : Moving mig_7series_0_xmdf.tcl ...
MIG: 16:17:48 : xml_input_file: mig_a.prj
MIG: 16:17:48 : Absolute path of xml_input_file: c:/Users/marzh/Desktop/HBlast/HBlast.srcs/sources_1/ip/mig_7series_0/mig_a.prj
MIG: 16:17:48 : xml_input_file: mig_a.prj
MIG: 16:17:48 : Absolute path of xml_input_file: c:/Users/marzh/Desktop/HBlast/HBlast.srcs/sources_1/ip/mig_7series_0/mig_a.prj
MIG: 23:59:22 : xml_input_file: mig_a.prj
MIG: 23:59:22 : Absolute path of xml_input_file: c:/Users/marzh/Desktop/HBlast/HBlast.srcs/sources_1/ip/mig_7series_0/mig_a.prj
MIG: 23:59:23 : xml_input_file: mig_a.prj
MIG: 23:59:23 : Absolute path of xml_input_file: c:/Users/marzh/Desktop/HBlast/HBlast.srcs/sources_1/ip/mig_7series_0/mig_a.prj
MIG: 00:14:18 : Running simulation.xit
MIG: 00:14:18 : ################# RUNNING MIG BATCH ###################
MIG: 00:14:18 : Writing IN file for 'mig_7series_0'...compDirPath: c:/Xilinx/Intsall/Vivado/2018.2/data/ip/xilinx/mig_7series_v4_1... instDirPath: c:/Users/marzh/Desktop/test/HBlast/HBlast.srcs/sources_1/ip/mig_7series_0
MIG: 00:14:18 : synp_flow:  -- synthesis_mode: Other
MIG: 00:14:18 : outputDirectory: c:/Users/marzh/Desktop/test/HBlast/HBlast.srcs/sources_1/ip/mig_7series_0/_tmp/
MIG: 00:14:18 : vivado_mode: xpg_pa
MIG: 00:14:18 :  locked false  
MIG: 00:14:18 : HDL Language: Verilog
MIG: 00:14:18 : compInfo: false
MIG: 00:14:18 : Vivado Options xc7vx690t ffg1761 -2
MIG: 00:14:18 : 1: xc7vx690t 2: ffg1761 3: -2
MIG: 00:14:18 : relative mig path: coregen/ip/xilinx/other/com/xilinx/ip/mig_7series_v4_1/bin/nt64/mig.exe
MIG: 00:14:18 : xilinx_path: C:/Xilinx/Intsall/Vivado/2018.2/ids_lite/ISE
MIG: 00:14:18 : I am in catch area
MIG: 00:14:18 : Running C:/Xilinx/Intsall/Vivado/2018.2/ids_lite/ISE/coregen/ip/xilinx/other/com/xilinx/ip/mig_7series_v4_1/bin/nt64/mig.exe -cg_exc_inp c:/Users/marzh/Desktop/test/HBlast/HBlast.srcs/sources_1/ip/mig_7series_0/xil_txt.in -cg_exc_out c:/Users/marzh/Desktop/test/HBlast/HBlast.srcs/sources_1/ip/mig_7series_0/xil_txt.out ... 
MIG: 00:14:54 : XML_INPUT_FILE: c:/Users/marzh/Desktop/test/HBlast/HBlast.srcs/sources_1/ip/mig_7series_0/mig_a.prj
MIG: 00:14:54 : Component_Name: mig_7series_0
MIG: 00:14:54 : Moving mig_7series_0 ...
MIG: 00:14:54 : Moving mig_7series_0.veo ...
MIG: 00:14:54 : Moving mig_7series_0_xmdf.tcl ...
MIG: 00:14:55 : Running vlog_sim_rpr.xit .. PRASAD DBG1
MIG: 00:14:55 : IGN:     <ModuleName>mig_7series_0</ModuleName> <==>     <ModuleName>mig_7series_0</ModuleName> 
MIG: 00:14:55 : ERR:     <Version>4.0</Version> <==>     <Version>4.1</Version> 
MIG: 00:14:55 : ################# RUNNING MIG BATCH ###################
MIG: 00:14:55 : Writing IN file for 'mig_7series_0'...compDirPath: c:/Xilinx/Intsall/Vivado/2018.2/data/ip/xilinx/mig_7series_v4_1... instDirPath: c:/Users/marzh/Desktop/test/HBlast/HBlast.srcs/sources_1/ip/mig_7series_0
MIG: 00:14:55 : synp_flow:  -- synthesis_mode: Other
MIG: 00:14:55 : outputDirectory: c:/Users/marzh/Desktop/test/HBlast/HBlast.srcs/sources_1/ip/mig_7series_0/_tmp/
MIG: 00:14:55 : vivado_mode: xpg_pa
MIG: 00:14:55 :  locked false  
MIG: 00:14:55 : HDL Language: Verilog
MIG: 00:14:55 : compInfo: false
MIG: 00:14:55 : Vivado Options xc7vx690t ffg1761 -2
MIG: 00:14:55 : 1: xc7vx690t 2: ffg1761 3: -2
MIG: 00:14:55 : relative mig path: coregen/ip/xilinx/other/com/xilinx/ip/mig_7series_v4_1/bin/nt64/mig.exe
MIG: 00:14:55 : xilinx_path: C:/Xilinx/Intsall/Vivado/2018.2/ids_lite/ISE
MIG: 00:14:55 : I am in catch area
MIG: 00:14:55 : Running C:/Xilinx/Intsall/Vivado/2018.2/ids_lite/ISE/coregen/ip/xilinx/other/com/xilinx/ip/mig_7series_v4_1/bin/nt64/mig.exe -cg_exc_inp c:/Users/marzh/Desktop/test/HBlast/HBlast.srcs/sources_1/ip/mig_7series_0/xil_txt.in -cg_exc_out c:/Users/marzh/Desktop/test/HBlast/HBlast.srcs/sources_1/ip/mig_7series_0/xil_txt.out ... 
MIG: 00:15:15 : XML_INPUT_FILE: c:/Users/marzh/Desktop/test/HBlast/HBlast.srcs/sources_1/ip/mig_7series_0/mig_a.prj
MIG: 00:15:15 : Component_Name: mig_7series_0
MIG: 00:15:15 : Moving mig_7series_0 ...
MIG: 00:15:15 : Moving mig_7series_0.veo ...
MIG: 00:15:15 : Moving mig_7series_0_xmdf.tcl ...
